
       rs1        =   0.5000000    
       e_rs1        =    0.000000    

       dis1       =   0.5000000    
       e_dis1       =    0.000000    

       rs2        =   0.5000000    
       e_rs2        =    0.000000    

       dis2       =   0.5000000    
       e_dis2       =    0.000000    

       alpha      =   0.5000000    
       e_alpha      =    0.000000    

       thick      =   0.5000000    
       e_thick      =    0.000000    

       rho0       =   0.5000000    
       e_rho0       =    0.000000    

       dens       =   0.5000000    
       e_dens       =    0.000000    

       rhoin      =   0.5000000    
       e_rhoin      =    0.000000    

       k01 =   1.4486844E-05
       e_k01 =    0.000000    

       b01 =   9.0148500E-02
       e_b01 =    0.000000    

       cpro01 =   1.0000000E-04


       temp01 =    23.00000    


       w0101 =    1.000000    
       e_w0101 =    0.000000    

       R_sph0101 =    10.25865    
       e_R_sph0101 =    0.000000    

       disp_R_sph0101 =   7.2550503E-02
       e_dispR_sph0101 =    0.000000    

       t_sph0101 =   0.5000000    
       e_t_sph0101 =    0.000000    

       rhoe0101 =   0.2500000    
       e_rhoe0101 =    0.000000    

       rhoi0101 =   0.5000000    
       e_rhoi0101 =    0.000000    

       rho00101 =   0.5000000    
       e_rho00101 =    0.000000    
