
       c1prec     =   0.5096277    
       e_c1prec     =    0.000000    

       c2prec     =   0.4590046    
       e_c2prec     =    0.000000    

       c3prec     =   0.9911923    
       e_c3prec     =    0.000000    

       c4prec     =   0.5662855    
       e_c4prec     =    0.000000    

       c5prec     =    0.000000    
       e_c5prec     =    0.000000    

       c6prec     =    0.000000    
       e_c6prec     =    0.000000    

       c7prec     =    0.000000    
       e_c7prec     =    0.000000    

       c8prec     =    0.000000    
       e_c8prec     =    0.000000    

       rminprec   =    38.27092    
       e_rminprec   =    0.000000    

       rmaxprec   =    789.8741    
       e_rmaxprec   =    0.000000    

       phiprec    =   4.9126582E-02
       e_phiprec    =    0.000000    

       c1void     =   0.7212025    
       e_c1void     =    0.000000    

       c2void     =   0.4445532    
       e_c2void     =    0.000000    

       c3void     =   0.9571711    
       e_c3void     =    0.000000    

       c4void     =   0.9793925    
       e_c4void     =    0.000000    

       c5void     =    0.000000    
       e_c5void     =    0.000000    

       c6void     =    0.000000    
       e_c6void     =    0.000000    

       c7void     =    0.000000    
       e_c7void     =    0.000000    

       c8void     =    0.000000    
       e_c8void     =    0.000000    

       rminvoid   =    9.799004    
       e_rminvoid   =    0.000000    

       rmaxvoid   =    40.77633    
       e_rmaxvoid   =    0.000000    

       phivoid    =   9.6311013E-03
       e_phivoid    =    0.000000    

       k01 =    1.000000    
       e_k01 =    0.000000    

       b01 =   2.1007297E-02
       e_b01 =    0.000000    

       w0101 =   4.1037986E-02
       e_w0101 =    0.000000    

       rs0101 =    261.0701    
       e_rs0101 =    0.000000    

       disp_rs0101 =   0.4318960    
       e_disprs0101 =    0.000000    

       rho_s0101 =   5.3000000E-06
       e_rho_s0101 =    0.000000    

       rho_00101 =   7.5500000E-06
       e_rho_00101 =    0.000000    

       w0102 =    16.36443    
       e_w0102 =    0.000000    

       R_sph0102 =    22.92558    
       e_R_sph0102 =    0.000000    

       disp_R_sph0102 =   0.2353440    
       e_dispR_sph0102 =    0.000000    

       t_sph0102 =    0.000000    
       e_t_sph0102 =    0.000000    

       rhoe0102 =    0.000000    
       e_rhoe0102 =    0.000000    

       rhoi0102 =    0.000000    
       e_rhoi0102 =    0.000000    

       rho00102 =   7.5500000E-06
       e_rho00102 =    0.000000    
