                                                                       

 SIMPLEX Calls To Routine CHI2   ......:       1000
 ZXMIN Calls To Routine CHI2   ........:          0
 Achieved Convergence; Error Flag .....:          0
 Final Functional Value ...............:   0.981242    
 Final Chi Square of Data Set .........:   0.981242    
 Final Constraint Functional Value ....:    0.00000    
 Functional Gradient Norm .............:    0.00000    

Final set of optimized parameters: raw form

  1) c1prec     =   1.9256596E-02    0.000000    
  2) c2prec     =  -8.2083016E-02    0.000000    
  3) c3prec     =    1.382821        0.000000    
  4) c4prec     =   0.1329623        0.000000    
  5) c5prec     =    0.000000        0.000000    
  6) c6prec     =    0.000000        0.000000    
  7) c7prec     =    0.000000        0.000000    
  8) c8prec     =    0.000000        0.000000    
  9) rminprec   =  -0.2496370        0.000000    
 10) rmaxprec   =   0.5615917        0.000000    
 11) phiprec    =   -1.123794        0.000000    
 12) c1void     =   0.4582787        0.000000    
 13) c2void     =  -0.1111221        0.000000    
 14) c3void     =    1.153881        0.000000    
 15) c4void     =    1.282695        0.000000    
 16) c5void     =    0.000000        0.000000    
 17) c6void     =    0.000000        0.000000    
 18) c7void     =    0.000000        0.000000    
 19) c8void     =    0.000000        0.000000    
 20) rminvoid   =    1.270789        0.000000    
 21) rmaxvoid   =  -0.3372243        0.000000    
 22) phivoid    =   -1.374204        0.000000    

Final set of optimized parameters: scaled form

  1) c1prec     =   0.5096277        0.000000      [   0.000000     -    1.000000    ]
  2) c2prec     =   0.4590046        0.000000      [   0.000000     -    1.000000    ]
  3) c3prec     =   0.9911923        0.000000      [   0.000000     -    1.000000    ]
  4) c4prec     =   0.5662855        0.000000      [   0.000000     -    1.000000    ]
  5) c5prec     =    0.000000        0.000000      [   0.000000     -    0.000000    ]
  6) c6prec     =    0.000000        0.000000      [   0.000000     -    0.000000    ]
  7) c7prec     =    0.000000        0.000000      [   0.000000     -    0.000000    ]
  8) c8prec     =    0.000000        0.000000      [   0.000000     -    0.000000    ]
  9) rminprec   =    38.27092        0.000000      [   1.000000     -    100.0000    ]
 10) rmaxprec   =    789.8741        0.000000      [   101.0000     -    1000.000    ]
 11) phiprec    =   4.9126582E-02    0.000000      [   0.000000     -    1.000000    ]
 12) c1void     =   0.7212025        0.000000      [   0.000000     -    1.000000    ]
 13) c2void     =   0.4445532        0.000000      [   0.000000     -    1.000000    ]
 14) c3void     =   0.9571711        0.000000      [   0.000000     -    1.000000    ]
 15) c4void     =   0.9793925        0.000000      [   0.000000     -    1.000000    ]
 16) c5void     =    0.000000        0.000000      [   0.000000     -    0.000000    ]
 17) c6void     =    0.000000        0.000000      [   0.000000     -    0.000000    ]
 18) c7void     =    0.000000        0.000000      [   0.000000     -    0.000000    ]
 19) c8void     =    0.000000        0.000000      [   0.000000     -    0.000000    ]
 20) rminvoid   =    9.799004        0.000000      [   1.000000     -    10.00000    ]
 21) rmaxvoid   =    40.77633        0.000000      [   11.00000     -    100.0000    ]
 22) phivoid    =   9.6311013E-03    0.000000      [   0.000000     -    1.000000    ]


 Experiment # .........................:          1
 ==================================================

 File Name ............................:jgui/gensi0101.sim                                                                                  
 Description of Experiment ............:                                                                      

 Final Chi Square of Experiment .......:   0.981242    
 Scaling Factor kappa .................:    1.00000        0.00000    
 Flat Background B ....................:   2.100730E-02    0.00000    

 Model #  1 -> 18- Homogeneous Sphere                                                                              
 ++++++++++++++++++++++++++++++++++++

 Weight of Model #   1 ................:   4.103799E-02    0.00000      5
 Sphere Radius.........................:    261.070        0.00000      9   0.431896        0.00000    
 Rho Sphere............................:   5.300000E-06    0.00000      0
 Rho Solvent...........................:   7.550000E-06    0.00000      0

 Model #  2 -> 19- Two-Density Level Sphere                                                                        
 ++++++++++++++++++++++++++++++++++++++++++

 Weight of Model #   2 ................:    16.3644        0.00000      5
 Inner Radius..........................:    22.9256        0.00000      9   0.235344        0.00000    
 Shell Thickness.......................:    0.00000        0.00000      0
 Rho Outer Shells......................:    0.00000        0.00000      0
 Rho Inner Shells......................:    0.00000        0.00000      0
 Rho Solvent...........................:   7.550000E-06    0.00000      0
