
       xmono      =   0.4576931    
       e_xmono      =    0.000000    

       rdens      =    1.047116    
       e_rdens      =    0.000000    

       rnum       =    2.384718    
       e_rnum       =    0.000000    

       k01 =   0.4524784    
       e_k01 =    0.000000    

       b01 =   1.5641492E-04
       e_b01 =    0.000000    

       cp01 =    5.400000    


       pm01 =    36000.00    


       w0101 =   4.1343421E-08
       e_w0101 =    0.000000    

       rho_00101 =   9.3520000E-02
       e_rho_00101 =    0.000000    

       Drho_10101 =    1.047116    
       e_Drho_10101 =    0.000000    

       Drho_20101 =    0.000000    
       e_Drho_20101 =    0.000000    

       Drho_30101 =    0.000000    
       e_Drho_30101 =    0.000000    

       gamma0101 =    1.000000    
       e_gamma0101 =    0.000000    

       r00101 =    1.620000    
       e_r00101 =    0.000000    

       x_D2O0101 =   -1.000000    
       e_x_D2O0101 =    0.000000    

       PH0101 =    0.000000    
       e_PH0101 =    0.000000    

       PD0101 =    0.000000    
       e_PD0101 =    0.000000    

       PDB_n0101 =    2.000000    
       e_PDB_n0101 =    0.000000    

       lambda_n0101 =    0.000000    
       e_lambda_n0101 =    0.000000    

       w0102 =   2.4493294E-08
       e_w0102 =    0.000000    

       rho_00102 =   9.3520000E-02
       e_rho_00102 =    0.000000    

       Drho_10102 =    1.047116    
       e_Drho_10102 =    0.000000    

       Drho_20102 =    0.000000    
       e_Drho_20102 =    0.000000    

       Drho_30102 =    0.000000    
       e_Drho_30102 =    0.000000    

       gamma0102 =    1.000000    
       e_gamma0102 =    0.000000    

       r00102 =    1.620000    
       e_r00102 =    0.000000    

       x_D2O0102 =   -1.000000    
       e_x_D2O0102 =    0.000000    

       PH0102 =    0.000000    
       e_PH0102 =    0.000000    

       PD0102 =    0.000000    
       e_PD0102 =    0.000000    

       PDB_n0102 =    5.000000    
       e_PDB_n0102 =    0.000000    

       lambda_n0102 =    0.000000    
       e_lambda_n0102 =    0.000000    
