                                                                       

 SIMPLEX Calls To Routine CHI2   ......:       1000
 ZXMIN Calls To Routine CHI2   ........:          0
 Achieved Convergence; Error Flag .....:          0
 Final Functional Value ...............:   0.980028    
 Final Chi Square of Data Set .........:   0.980028    
 Final Constraint Functional Value ....:    0.00000    
 Functional Gradient Norm .............:    0.00000    

Final set of optimized parameters: raw form

  1) c1prec     =   2.0900168E-02    0.000000    
  2) c2prec     =  -0.1600958        0.000000    
  3) c3prec     =    2.114391        0.000000    
  4) c4prec     =   2.1393267E-02    0.000000    
  5) c5prec     =    0.000000        0.000000    
  6) c6prec     =    0.000000        0.000000    
  7) c7prec     =    0.000000        0.000000    
  8) c8prec     =    0.000000        0.000000    
  9) rminprec   =  -0.2426121        0.000000    
 10) rmaxprec   =   0.5692883        0.000000    
 11) phiprec    =   -1.123647        0.000000    
 12) c1void     =    1.096062        0.000000    
 13) c2void     =  -0.6721692        0.000000    
 14) c3void     =   0.2373944        0.000000    
 15) c4void     =   0.7474781        0.000000    
 16) c5void     =    0.000000        0.000000    
 17) c6void     =    0.000000        0.000000    
 18) c7void     =    0.000000        0.000000    
 19) c8void     =    0.000000        0.000000    
 20) rminvoid   =    1.124059        0.000000    
 21) rmaxvoid   =  -0.3468706        0.000000    
 22) phivoid    =   -1.373018        0.000000    

Final set of optimized parameters: scaled form

  1) c1prec     =   0.5104493        0.000000      [   0.000000     -    1.000000    ]
  2) c2prec     =   0.4202936        0.000000      [   0.000000     -    1.000000    ]
  3) c3prec     =   0.9279275        0.000000      [   0.000000     -    1.000000    ]
  4) c4prec     =   0.5106958        0.000000      [   0.000000     -    1.000000    ]
  5) c5prec     =    0.000000        0.000000      [   0.000000     -    0.000000    ]
  6) c6prec     =    0.000000        0.000000      [   0.000000     -    0.000000    ]
  7) c7prec     =    0.000000        0.000000      [   0.000000     -    0.000000    ]
  8) c8prec     =    0.000000        0.000000      [   0.000000     -    0.000000    ]
  9) rminprec   =    38.60817        0.000000      [   1.000000     -    100.0000    ]
 10) rmaxprec   =    792.7952        0.000000      [   101.0000     -    1000.000    ]
 11) phiprec    =   4.9158414E-02    0.000000      [   0.000000     -    1.000000    ]
 12) c1void     =   0.9447071        0.000000      [   0.000000     -    1.000000    ]
 13) c2void     =   0.1886576        0.000000      [   0.000000     -    1.000000    ]
 14) c3void     =   0.6175855        0.000000      [   0.000000     -    1.000000    ]
 15) c4void     =   0.8398957        0.000000      [   0.000000     -    1.000000    ]
 16) c5void     =    0.000000        0.000000      [   0.000000     -    0.000000    ]
 17) c6void     =    0.000000        0.000000      [   0.000000     -    0.000000    ]
 18) c7void     =    0.000000        0.000000      [   0.000000     -    0.000000    ]
 19) c8void     =    0.000000        0.000000      [   0.000000     -    0.000000    ]
 20) rminvoid   =    9.558377        0.000000      [   1.000000     -    10.00000    ]
 21) rmaxvoid   =    40.37194        0.000000      [   11.00000     -    100.0000    ]
 22) phivoid    =   9.7472053E-03    0.000000      [   0.000000     -    1.000000    ]


 Experiment # .........................:          1
 ==================================================

 File Name ............................:jgui/gensi0101.sim                                                                                  
 Description of Experiment ............:                                                                      

 Final Chi Square of Experiment .......:   0.980028    
 Scaling Factor kappa .................:    1.00000        0.00000    
 Flat Background B ....................:   1.957451E-02    0.00000    

 Model #  1 -> 18- Homogeneous Sphere                                                                              
 ++++++++++++++++++++++++++++++++++++

 Weight of Model #   1 ................:   4.122349E-02    0.00000      5
 Sphere Radius.........................:    260.243        0.00000      9   0.434844        0.00000    
 Rho Sphere............................:   5.300000E-06    0.00000      0
 Rho Solvent...........................:   7.550000E-06    0.00000      0

 Model #  2 -> 19- Two-Density Level Sphere                                                                        
 ++++++++++++++++++++++++++++++++++++++++++

 Weight of Model #   2 ................:    17.6286        0.00000      5
 Inner Radius..........................:    22.2022        0.00000      9   0.262190        0.00000    
 Shell Thickness.......................:    0.00000        0.00000      0
 Rho Outer Shells......................:    0.00000        0.00000      0
 Rho Inner Shells......................:    0.00000        0.00000      0
 Rho Solvent...........................:   7.550000E-06    0.00000      0
